0 info it worked if it ends with ok
1 verbose cli [ '/usr/bin/nodejs', '/usr/bin/npm', 'start' ]
2 info using npm@1.2.18
3 info using node@v0.10.15
4 verbose read json /home/william/git/desenhador/web-server/package.json
5 warn package.json web-server@0.0.0 No README.md file found!
6 verbose run-script [ 'prestart', 'start', 'poststart' ]
7 info prestart web-server@0.0.0
8 info start web-server@0.0.0
9 verbose unsafe-perm in lifecycle true
10 silly exec sh "-c" "node ./bin/www"
11 silly sh,-c,node ./bin/www,/home/william/git/desenhador/web-server spawning
12 info web-server@0.0.0 Failed to exec start script
13 error web-server@0.0.0 start: `node ./bin/www`
13 error `sh "-c" "node ./bin/www"` failed with 8
14 error Failed at the web-server@0.0.0 start script.
14 error This is most likely a problem with the web-server package,
14 error not with npm itself.
14 error Tell the author that this fails on your system:
14 error     node ./bin/www
14 error You can get their info via:
14 error     npm owner ls web-server
14 error There is likely additional logging output above.
15 error System Linux 3.11.0-12-generic
16 error command "/usr/bin/nodejs" "/usr/bin/npm" "start"
17 error cwd /home/william/git/desenhador/web-server
18 error node -v v0.10.15
19 error npm -v 1.2.18
20 error code ELIFECYCLE
21 verbose exit [ 1, true ]
